[0.070s] DEBUG:colcon:Command line arguments: ['/usr/bin/colcon', 'build']
[0.070s] DEBUG:colcon:Parsed command line arguments: Namespace(log_base=None, log_level=None, verb_name='build', build_base='build', install_base='install', merge_install=False, symlink_install=False, test_result_base=None, continue_on_error=False, executor='parallel', parallel_workers=16, event_handlers=None, ignore_user_meta=False, metas=['./colcon.meta'], base_paths=['.'], packages_ignore=None, packages_ignore_regex=None, paths=None, packages_up_to=None, packages_up_to_regex=None, packages_above=None, packages_above_and_dependencies=None, packages_above_depth=None, packages_select_by_dep=None, packages_skip_by_dep=None, packages_skip_up_to=None, packages_select_build_failed=False, packages_skip_build_finished=False, packages_select_test_failures=False, packages_skip_test_passed=False, packages_select=None, packages_skip=None, packages_select_regex=None, packages_skip_regex=None, packages_start=None, packages_end=None, allow_overriding=[], cmake_args=None, cmake_target=None, cmake_target_skip_unavailable=False, cmake_clean_cache=False, cmake_clean_first=False, cmake_force_configure=False, ament_cmake_args=None, catkin_cmake_args=None, catkin_skip_building_tests=False, verb_parser=<colcon_defaults.argument_parser.defaults.DefaultArgumentsDecorator object at 0x77cb2a526200>, verb_extension=<colcon_core.verb.build.BuildVerb object at 0x77cb2a525cc0>, main=<bound method BuildVerb.main of <colcon_core.verb.build.BuildVerb object at 0x77cb2a525cc0>>)
[0.175s] Level 1:colcon.colcon_core.package_discovery:discover_packages(colcon_meta) check parameters
[0.176s] Level 1:colcon.colcon_core.package_discovery:discover_packages(recursive) check parameters
[0.176s] Level 1:colcon.colcon_core.package_discovery:discover_packages(ignore) check parameters
[0.176s] Level 1:colcon.colcon_core.package_discovery:discover_packages(path) check parameters
[0.176s] Level 1:colcon.colcon_core.package_discovery:discover_packages(colcon_meta) discover
[0.176s] Level 1:colcon.colcon_core.package_discovery:discover_packages(recursive) discover
[0.176s] INFO:colcon.colcon_core.package_discovery:Crawling recursively for packages in '/home/havish/Task-Inductees'
[0.176s] Level 1:colcon.colcon_core.package_identification:_identify(.) by extensions ['ignore', 'ignore_ament_install']
[0.176s] Level 1:colcon.colcon_core.package_identification:_identify(.) by extension 'ignore'
[0.176s] Level 1:colcon.colcon_core.package_identification:_identify(.) by extension 'ignore_ament_install'
[0.176s] Level 1:colcon.colcon_core.package_identification:_identify(.) by extensions ['colcon_pkg']
[0.176s] Level 1:colcon.colcon_core.package_identification:_identify(.) by extension 'colcon_pkg'
[0.176s] Level 1:colcon.colcon_core.package_identification:_identify(.) by extensions ['colcon_meta']
[0.176s] Level 1:colcon.colcon_core.package_identification:_identify(.) by extension 'colcon_meta'
[0.176s] Level 1:colcon.colcon_core.package_identification:_identify(.) by extensions ['ros']
[0.176s] Level 1:colcon.colcon_core.package_identification:_identify(.) by extension 'ros'
[0.183s] Level 1:colcon.colcon_core.package_identification:_identify(.) by extensions ['cmake', 'python']
[0.183s] Level 1:colcon.colcon_core.package_identification:_identify(.) by extension 'cmake'
[0.183s] Level 1:colcon.colcon_core.package_identification:_identify(.) by extension 'python'
[0.184s] Level 1:colcon.colcon_core.package_identification:_identify(.) by extensions ['python_setup_py']
[0.184s] Level 1:colcon.colcon_core.package_identification:_identify(.) by extension 'python_setup_py'
[0.184s] Level 1:colcon.colcon_core.package_identification:_identify(build) by extensions ['ignore', 'ignore_ament_install']
[0.184s] Level 1:colcon.colcon_core.package_identification:_identify(build) by extension 'ignore'
[0.184s] Level 1:colcon.colcon_core.package_identification:_identify(build) ignored
[0.184s] Level 1:colcon.colcon_core.package_identification:_identify(install) by extensions ['ignore', 'ignore_ament_install']
[0.184s] Level 1:colcon.colcon_core.package_identification:_identify(install) by extension 'ignore'
[0.184s] Level 1:colcon.colcon_core.package_identification:_identify(install) ignored
[0.184s] Level 1:colcon.colcon_core.package_identification:_identify(log) by extensions ['ignore', 'ignore_ament_install']
[0.184s] Level 1:colcon.colcon_core.package_identification:_identify(log) by extension 'ignore'
[0.184s] Level 1:colcon.colcon_core.package_identification:_identify(log) ignored
[0.184s] Level 1:colcon.colcon_core.package_identification:_identify(task_ws) by extensions ['ignore', 'ignore_ament_install']
[0.184s] Level 1:colcon.colcon_core.package_identification:_identify(task_ws) by extension 'ignore'
[0.184s] Level 1:colcon.colcon_core.package_identification:_identify(task_ws) by extension 'ignore_ament_install'
[0.184s] Level 1:colcon.colcon_core.package_identification:_identify(task_ws) by extensions ['colcon_pkg']
[0.184s] Level 1:colcon.colcon_core.package_identification:_identify(task_ws) by extension 'colcon_pkg'
[0.184s] Level 1:colcon.colcon_core.package_identification:_identify(task_ws) by extensions ['colcon_meta']
[0.184s] Level 1:colcon.colcon_core.package_identification:_identify(task_ws) by extension 'colcon_meta'
[0.184s] Level 1:colcon.colcon_core.package_identification:_identify(task_ws) by extensions ['ros']
[0.184s] Level 1:colcon.colcon_core.package_identification:_identify(task_ws) by extension 'ros'
[0.184s] Level 1:colcon.colcon_core.package_identification:_identify(task_ws) by extensions ['cmake', 'python']
[0.184s] Level 1:colcon.colcon_core.package_identification:_identify(task_ws) by extension 'cmake'
[0.184s] Level 1:colcon.colcon_core.package_identification:_identify(task_ws) by extension 'python'
[0.184s] Level 1:colcon.colcon_core.package_identification:_identify(task_ws) by extensions ['python_setup_py']
[0.184s] Level 1:colcon.colcon_core.package_identification:_identify(task_ws) by extension 'python_setup_py'
[0.184s] Level 1:colcon.colcon_core.package_identification:_identify(task_ws/Task-Inductees) by extensions ['ignore', 'ignore_ament_install']
[0.184s] Level 1:colcon.colcon_core.package_identification:_identify(task_ws/Task-Inductees) by extension 'ignore'
[0.184s] Level 1:colcon.colcon_core.package_identification:_identify(task_ws/Task-Inductees) by extension 'ignore_ament_install'
[0.184s] Level 1:colcon.colcon_core.package_identification:_identify(task_ws/Task-Inductees) by extensions ['colcon_pkg']
[0.184s] Level 1:colcon.colcon_core.package_identification:_identify(task_ws/Task-Inductees) by extension 'colcon_pkg'
[0.184s] Level 1:colcon.colcon_core.package_identification:_identify(task_ws/Task-Inductees) by extensions ['colcon_meta']
[0.184s] Level 1:colcon.colcon_core.package_identification:_identify(task_ws/Task-Inductees) by extension 'colcon_meta'
[0.184s] Level 1:colcon.colcon_core.package_identification:_identify(task_ws/Task-Inductees) by extensions ['ros']
[0.184s] Level 1:colcon.colcon_core.package_identification:_identify(task_ws/Task-Inductees) by extension 'ros'
[0.184s] Level 1:colcon.colcon_core.package_identification:_identify(task_ws/Task-Inductees) by extensions ['cmake', 'python']
[0.184s] Level 1:colcon.colcon_core.package_identification:_identify(task_ws/Task-Inductees) by extension 'cmake'
[0.184s] Level 1:colcon.colcon_core.package_identification:_identify(task_ws/Task-Inductees) by extension 'python'
[0.184s] Level 1:colcon.colcon_core.package_identification:_identify(task_ws/Task-Inductees) by extensions ['python_setup_py']
[0.184s] Level 1:colcon.colcon_core.package_identification:_identify(task_ws/Task-Inductees) by extension 'python_setup_py'
[0.184s] Level 1:colcon.colcon_core.package_identification:_identify(task_ws/Task-Inductees/task_ws) by extensions ['ignore', 'ignore_ament_install']
[0.185s] Level 1:colcon.colcon_core.package_identification:_identify(task_ws/Task-Inductees/task_ws) by extension 'ignore'
[0.185s] Level 1:colcon.colcon_core.package_identification:_identify(task_ws/Task-Inductees/task_ws) by extension 'ignore_ament_install'
[0.185s] Level 1:colcon.colcon_core.package_identification:_identify(task_ws/Task-Inductees/task_ws) by extensions ['colcon_pkg']
[0.185s] Level 1:colcon.colcon_core.package_identification:_identify(task_ws/Task-Inductees/task_ws) by extension 'colcon_pkg'
[0.185s] Level 1:colcon.colcon_core.package_identification:_identify(task_ws/Task-Inductees/task_ws) by extensions ['colcon_meta']
[0.185s] Level 1:colcon.colcon_core.package_identification:_identify(task_ws/Task-Inductees/task_ws) by extension 'colcon_meta'
[0.185s] Level 1:colcon.colcon_core.package_identification:_identify(task_ws/Task-Inductees/task_ws) by extensions ['ros']
[0.185s] Level 1:colcon.colcon_core.package_identification:_identify(task_ws/Task-Inductees/task_ws) by extension 'ros'
[0.185s] Level 1:colcon.colcon_core.package_identification:_identify(task_ws/Task-Inductees/task_ws) by extensions ['cmake', 'python']
[0.185s] Level 1:colcon.colcon_core.package_identification:_identify(task_ws/Task-Inductees/task_ws) by extension 'cmake'
[0.185s] Level 1:colcon.colcon_core.package_identification:_identify(task_ws/Task-Inductees/task_ws) by extension 'python'
[0.185s] Level 1:colcon.colcon_core.package_identification:_identify(task_ws/Task-Inductees/task_ws) by extensions ['python_setup_py']
[0.185s] Level 1:colcon.colcon_core.package_identification:_identify(task_ws/Task-Inductees/task_ws) by extension 'python_setup_py'
[0.185s] Level 1:colcon.colcon_core.package_identification:_identify(task_ws/Task-Inductees/task_ws/build) by extensions ['ignore', 'ignore_ament_install']
[0.185s] Level 1:colcon.colcon_core.package_identification:_identify(task_ws/Task-Inductees/task_ws/build) by extension 'ignore'
[0.185s] Level 1:colcon.colcon_core.package_identification:_identify(task_ws/Task-Inductees/task_ws/build) ignored
[0.185s] Level 1:colcon.colcon_core.package_identification:_identify(task_ws/Task-Inductees/task_ws/install) by extensions ['ignore', 'ignore_ament_install']
[0.185s] Level 1:colcon.colcon_core.package_identification:_identify(task_ws/Task-Inductees/task_ws/install) by extension 'ignore'
[0.185s] Level 1:colcon.colcon_core.package_identification:_identify(task_ws/Task-Inductees/task_ws/install) ignored
[0.185s] Level 1:colcon.colcon_core.package_identification:_identify(task_ws/Task-Inductees/task_ws/log) by extensions ['ignore', 'ignore_ament_install']
[0.185s] Level 1:colcon.colcon_core.package_identification:_identify(task_ws/Task-Inductees/task_ws/log) by extension 'ignore'
[0.185s] Level 1:colcon.colcon_core.package_identification:_identify(task_ws/Task-Inductees/task_ws/log) ignored
[0.185s] Level 1:colcon.colcon_core.package_identification:_identify(task_ws/Task-Inductees/task_ws/src) by extensions ['ignore', 'ignore_ament_install']
[0.185s] Level 1:colcon.colcon_core.package_identification:_identify(task_ws/Task-Inductees/task_ws/src) by extension 'ignore'
[0.185s] Level 1:colcon.colcon_core.package_identification:_identify(task_ws/Task-Inductees/task_ws/src) by extension 'ignore_ament_install'
[0.185s] Level 1:colcon.colcon_core.package_identification:_identify(task_ws/Task-Inductees/task_ws/src) by extensions ['colcon_pkg']
[0.185s] Level 1:colcon.colcon_core.package_identification:_identify(task_ws/Task-Inductees/task_ws/src) by extension 'colcon_pkg'
[0.185s] Level 1:colcon.colcon_core.package_identification:_identify(task_ws/Task-Inductees/task_ws/src) by extensions ['colcon_meta']
[0.185s] Level 1:colcon.colcon_core.package_identification:_identify(task_ws/Task-Inductees/task_ws/src) by extension 'colcon_meta'
[0.185s] Level 1:colcon.colcon_core.package_identification:_identify(task_ws/Task-Inductees/task_ws/src) by extensions ['ros']
[0.185s] Level 1:colcon.colcon_core.package_identification:_identify(task_ws/Task-Inductees/task_ws/src) by extension 'ros'
[0.185s] Level 1:colcon.colcon_core.package_identification:_identify(task_ws/Task-Inductees/task_ws/src) by extensions ['cmake', 'python']
[0.185s] Level 1:colcon.colcon_core.package_identification:_identify(task_ws/Task-Inductees/task_ws/src) by extension 'cmake'
[0.185s] Level 1:colcon.colcon_core.package_identification:_identify(task_ws/Task-Inductees/task_ws/src) by extension 'python'
[0.185s] Level 1:colcon.colcon_core.package_identification:_identify(task_ws/Task-Inductees/task_ws/src) by extensions ['python_setup_py']
[0.185s] Level 1:colcon.colcon_core.package_identification:_identify(task_ws/Task-Inductees/task_ws/src) by extension 'python_setup_py'
[0.185s] Level 1:colcon.colcon_core.package_identification:_identify(task_ws/Task-Inductees/task_ws/src/turtlesim_draw) by extensions ['ignore', 'ignore_ament_install']
[0.185s] Level 1:colcon.colcon_core.package_identification:_identify(task_ws/Task-Inductees/task_ws/src/turtlesim_draw) by extension 'ignore'
[0.185s] Level 1:colcon.colcon_core.package_identification:_identify(task_ws/Task-Inductees/task_ws/src/turtlesim_draw) by extension 'ignore_ament_install'
[0.185s] Level 1:colcon.colcon_core.package_identification:_identify(task_ws/Task-Inductees/task_ws/src/turtlesim_draw) by extensions ['colcon_pkg']
[0.185s] Level 1:colcon.colcon_core.package_identification:_identify(task_ws/Task-Inductees/task_ws/src/turtlesim_draw) by extension 'colcon_pkg'
[0.185s] Level 1:colcon.colcon_core.package_identification:_identify(task_ws/Task-Inductees/task_ws/src/turtlesim_draw) by extensions ['colcon_meta']
[0.185s] Level 1:colcon.colcon_core.package_identification:_identify(task_ws/Task-Inductees/task_ws/src/turtlesim_draw) by extension 'colcon_meta'
[0.186s] Level 1:colcon.colcon_core.package_identification:_identify(task_ws/Task-Inductees/task_ws/src/turtlesim_draw) by extensions ['ros']
[0.186s] Level 1:colcon.colcon_core.package_identification:_identify(task_ws/Task-Inductees/task_ws/src/turtlesim_draw) by extension 'ros'
[0.187s] DEBUG:colcon.colcon_core.package_identification:Package 'task_ws/Task-Inductees/task_ws/src/turtlesim_draw' with type 'ros.ament_python' and name 'turtlesim_draw'
[0.187s] Level 1:colcon.colcon_core.package_identification:_identify(task_ws/build) by extensions ['ignore', 'ignore_ament_install']
[0.187s] Level 1:colcon.colcon_core.package_identification:_identify(task_ws/build) by extension 'ignore'
[0.187s] Level 1:colcon.colcon_core.package_identification:_identify(task_ws/build) ignored
[0.187s] Level 1:colcon.colcon_core.package_identification:_identify(task_ws/install) by extensions ['ignore', 'ignore_ament_install']
[0.187s] Level 1:colcon.colcon_core.package_identification:_identify(task_ws/install) by extension 'ignore'
[0.187s] Level 1:colcon.colcon_core.package_identification:_identify(task_ws/install) ignored
[0.187s] Level 1:colcon.colcon_core.package_identification:_identify(task_ws/log) by extensions ['ignore', 'ignore_ament_install']
[0.187s] Level 1:colcon.colcon_core.package_identification:_identify(task_ws/log) by extension 'ignore'
[0.187s] Level 1:colcon.colcon_core.package_identification:_identify(task_ws/log) ignored
[0.187s] Level 1:colcon.colcon_core.package_identification:_identify(task_ws/src) by extensions ['ignore', 'ignore_ament_install']
[0.187s] Level 1:colcon.colcon_core.package_identification:_identify(task_ws/src) by extension 'ignore'
[0.188s] Level 1:colcon.colcon_core.package_identification:_identify(task_ws/src) by extension 'ignore_ament_install'
[0.188s] Level 1:colcon.colcon_core.package_identification:_identify(task_ws/src) by extensions ['colcon_pkg']
[0.188s] Level 1:colcon.colcon_core.package_identification:_identify(task_ws/src) by extension 'colcon_pkg'
[0.188s] Level 1:colcon.colcon_core.package_identification:_identify(task_ws/src) by extensions ['colcon_meta']
[0.188s] Level 1:colcon.colcon_core.package_identification:_identify(task_ws/src) by extension 'colcon_meta'
[0.188s] Level 1:colcon.colcon_core.package_identification:_identify(task_ws/src) by extensions ['ros']
[0.188s] Level 1:colcon.colcon_core.package_identification:_identify(task_ws/src) by extension 'ros'
[0.188s] Level 1:colcon.colcon_core.package_identification:_identify(task_ws/src) by extensions ['cmake', 'python']
[0.188s] Level 1:colcon.colcon_core.package_identification:_identify(task_ws/src) by extension 'cmake'
[0.188s] Level 1:colcon.colcon_core.package_identification:_identify(task_ws/src) by extension 'python'
[0.188s] Level 1:colcon.colcon_core.package_identification:_identify(task_ws/src) by extensions ['python_setup_py']
[0.188s] Level 1:colcon.colcon_core.package_identification:_identify(task_ws/src) by extension 'python_setup_py'
[0.188s] Level 1:colcon.colcon_core.package_discovery:discover_packages(recursive) using defaults
[0.188s] Level 1:colcon.colcon_core.package_discovery:discover_packages(ignore) discover
[0.188s] Level 1:colcon.colcon_core.package_discovery:discover_packages(ignore) using defaults
[0.188s] Level 1:colcon.colcon_core.package_discovery:discover_packages(path) discover
[0.188s] Level 1:colcon.colcon_core.package_discovery:discover_packages(path) using defaults
[0.200s] Level 1:colcon.colcon_core.package_discovery:discover_packages(prefix_path) check parameters
[0.200s] Level 1:colcon.colcon_core.package_discovery:discover_packages(prefix_path) discover
[0.201s] DEBUG:colcon.colcon_installed_package_information.package_discovery:Found 0 installed packages in /home/havish/ros2_sample_ws/install
[0.202s] DEBUG:colcon.colcon_installed_package_information.package_discovery:Found 271 installed packages in /opt/ros/humble
[0.203s] Level 1:colcon.colcon_core.package_discovery:discover_packages(prefix_path) using defaults
[0.227s] Level 5:colcon.colcon_core.verb:set package 'turtlesim_draw' build argument 'cmake_args' from command line to 'None'
[0.227s] Level 5:colcon.colcon_core.verb:set package 'turtlesim_draw' build argument 'cmake_target' from command line to 'None'
[0.227s] Level 5:colcon.colcon_core.verb:set package 'turtlesim_draw' build argument 'cmake_target_skip_unavailable' from command line to 'False'
[0.227s] Level 5:colcon.colcon_core.verb:set package 'turtlesim_draw' build argument 'cmake_clean_cache' from command line to 'False'
[0.227s] Level 5:colcon.colcon_core.verb:set package 'turtlesim_draw' build argument 'cmake_clean_first' from command line to 'False'
[0.227s] Level 5:colcon.colcon_core.verb:set package 'turtlesim_draw' build argument 'cmake_force_configure' from command line to 'False'
[0.227s] Level 5:colcon.colcon_core.verb:set package 'turtlesim_draw' build argument 'ament_cmake_args' from command line to 'None'
[0.227s] Level 5:colcon.colcon_core.verb:set package 'turtlesim_draw' build argument 'catkin_cmake_args' from command line to 'None'
[0.227s] Level 5:colcon.colcon_core.verb:set package 'turtlesim_draw' build argument 'catkin_skip_building_tests' from command line to 'False'
[0.227s] DEBUG:colcon.colcon_core.verb:Building package 'turtlesim_draw' with the following arguments: {'ament_cmake_args': None, 'build_base': '/home/havish/Task-Inductees/build/turtlesim_draw', 'catkin_cmake_args': None, 'catkin_skip_building_tests': False, 'cmake_args': None, 'cmake_clean_cache': False, 'cmake_clean_first': False, 'cmake_force_configure': False, 'cmake_target': None, 'cmake_target_skip_unavailable': False, 'install_base': '/home/havish/Task-Inductees/install/turtlesim_draw', 'merge_install': False, 'path': '/home/havish/Task-Inductees/task_ws/Task-Inductees/task_ws/src/turtlesim_draw', 'symlink_install': False, 'test_result_base': None}
[0.227s] INFO:colcon.colcon_core.executor:Executing jobs using 'parallel' executor
[0.228s] DEBUG:colcon.colcon_parallel_executor.executor.parallel:run_until_complete
[0.228s] INFO:colcon.colcon_ros.task.ament_python.build:Building ROS package in '/home/havish/Task-Inductees/task_ws/Task-Inductees/task_ws/src/turtlesim_draw' with build type 'ament_python'
[0.228s] Level 1:colcon.colcon_core.shell:create_environment_hook('turtlesim_draw', 'ament_prefix_path')
[0.230s] INFO:colcon.colcon_core.plugin_system:Skipping extension 'colcon_core.shell.bat': Not used on non-Windows systems
[0.230s] INFO:colcon.colcon_core.shell:Creating environment hook '/home/havish/Task-Inductees/install/turtlesim_draw/share/turtlesim_draw/hook/ament_prefix_path.ps1'
[0.231s] INFO:colcon.colcon_core.shell:Creating environment descriptor '/home/havish/Task-Inductees/install/turtlesim_draw/share/turtlesim_draw/hook/ament_prefix_path.dsv'
[0.231s] INFO:colcon.colcon_core.shell:Creating environment hook '/home/havish/Task-Inductees/install/turtlesim_draw/share/turtlesim_draw/hook/ament_prefix_path.sh'
[0.231s] INFO:colcon.colcon_core.shell:Skip shell extension 'powershell' for command environment: Not usable outside of PowerShell
[0.231s] DEBUG:colcon.colcon_core.shell:Skip shell extension 'dsv' for command environment
[0.352s] INFO:colcon.colcon_core.task.python.build:Building Python package in '/home/havish/Task-Inductees/task_ws/Task-Inductees/task_ws/src/turtlesim_draw'
[0.352s] INFO:colcon.colcon_core.shell:Skip shell extension 'powershell' for command environment: Not usable outside of PowerShell
[0.352s] DEBUG:colcon.colcon_core.shell:Skip shell extension 'dsv' for command environment
[0.518s] DEBUG:colcon.colcon_core.event_handler.log_command:Invoking command in '/home/havish/Task-Inductees/task_ws/Task-Inductees/task_ws/src/turtlesim_draw': PYTHONPATH=/home/havish/Task-Inductees/build/turtlesim_draw/prefix_override:/usr/lib/python3/dist-packages/colcon_core/task/python/colcon_distutils_commands:/home/havish/Task-Inductees/install/turtlesim_draw/lib/python3.10/site-packages:${PYTHONPATH} /usr/bin/python3 -W ignore:setup.py install is deprecated -W ignore:easy_install command is deprecated setup.py egg_info --egg-base ../../../../../build/turtlesim_draw build --build-base /home/havish/Task-Inductees/build/turtlesim_draw/build install --record /home/havish/Task-Inductees/build/turtlesim_draw/install.log --single-version-externally-managed install_data
[0.655s] DEBUG:colcon.colcon_core.event_handler.log_command:Invoked command in '/home/havish/Task-Inductees/task_ws/Task-Inductees/task_ws/src/turtlesim_draw' returned '0': PYTHONPATH=/home/havish/Task-Inductees/build/turtlesim_draw/prefix_override:/usr/lib/python3/dist-packages/colcon_core/task/python/colcon_distutils_commands:/home/havish/Task-Inductees/install/turtlesim_draw/lib/python3.10/site-packages:${PYTHONPATH} /usr/bin/python3 -W ignore:setup.py install is deprecated -W ignore:easy_install command is deprecated setup.py egg_info --egg-base ../../../../../build/turtlesim_draw build --build-base /home/havish/Task-Inductees/build/turtlesim_draw/build install --record /home/havish/Task-Inductees/build/turtlesim_draw/install.log --single-version-externally-managed install_data
[0.657s] Level 1:colcon.colcon_core.environment:checking '/home/havish/Task-Inductees/install/turtlesim_draw' for CMake module files
[0.657s] Level 1:colcon.colcon_core.environment:checking '/home/havish/Task-Inductees/install/turtlesim_draw' for CMake config files
[0.657s] Level 1:colcon.colcon_core.environment:checking '/home/havish/Task-Inductees/install/turtlesim_draw/lib'
[0.657s] Level 1:colcon.colcon_core.environment:checking '/home/havish/Task-Inductees/install/turtlesim_draw/bin'
[0.658s] Level 1:colcon.colcon_core.environment:checking '/home/havish/Task-Inductees/install/turtlesim_draw/lib/pkgconfig/turtlesim_draw.pc'
[0.658s] Level 1:colcon.colcon_core.environment:checking '/home/havish/Task-Inductees/install/turtlesim_draw/lib/python3.10/site-packages'
[0.658s] Level 1:colcon.colcon_core.shell:create_environment_hook('turtlesim_draw', 'pythonpath')
[0.658s] INFO:colcon.colcon_core.shell:Creating environment hook '/home/havish/Task-Inductees/install/turtlesim_draw/share/turtlesim_draw/hook/pythonpath.ps1'
[0.658s] INFO:colcon.colcon_core.shell:Creating environment descriptor '/home/havish/Task-Inductees/install/turtlesim_draw/share/turtlesim_draw/hook/pythonpath.dsv'
[0.658s] INFO:colcon.colcon_core.shell:Creating environment hook '/home/havish/Task-Inductees/install/turtlesim_draw/share/turtlesim_draw/hook/pythonpath.sh'
[0.659s] Level 1:colcon.colcon_core.environment:checking '/home/havish/Task-Inductees/install/turtlesim_draw/bin'
[0.659s] Level 1:colcon.colcon_core.environment:create_environment_scripts_only(turtlesim_draw)
[0.659s] INFO:colcon.colcon_core.shell:Creating package script '/home/havish/Task-Inductees/install/turtlesim_draw/share/turtlesim_draw/package.ps1'
[0.659s] INFO:colcon.colcon_core.shell:Creating package descriptor '/home/havish/Task-Inductees/install/turtlesim_draw/share/turtlesim_draw/package.dsv'
[0.660s] INFO:colcon.colcon_core.shell:Creating package script '/home/havish/Task-Inductees/install/turtlesim_draw/share/turtlesim_draw/package.sh'
[0.660s] INFO:colcon.colcon_core.shell:Creating package script '/home/havish/Task-Inductees/install/turtlesim_draw/share/turtlesim_draw/package.bash'
[0.661s] INFO:colcon.colcon_core.shell:Creating package script '/home/havish/Task-Inductees/install/turtlesim_draw/share/turtlesim_draw/package.zsh'
[0.661s] Level 1:colcon.colcon_core.environment:create_file_with_runtime_dependencies(/home/havish/Task-Inductees/install/turtlesim_draw/share/colcon-core/packages/turtlesim_draw)
[0.661s] DEBUG:colcon.colcon_parallel_executor.executor.parallel:closing loop
[0.661s] DEBUG:colcon.colcon_parallel_executor.executor.parallel:loop closed
[0.661s] DEBUG:colcon.colcon_parallel_executor.executor.parallel:run_until_complete finished with '0'
[0.661s] DEBUG:colcon.colcon_core.event_reactor:joining thread
[0.665s] INFO:colcon.colcon_core.plugin_system:Skipping extension 'colcon_notification.desktop_notification.terminal_notifier': Not used on non-Darwin systems
[0.665s] INFO:colcon.colcon_core.plugin_system:Skipping extension 'colcon_notification.desktop_notification.win32': Not used on non-Windows systems
[0.665s] INFO:colcon.colcon_notification.desktop_notification:Sending desktop notification using 'notify2'
[0.676s] DEBUG:colcon.colcon_core.event_reactor:joined thread
[0.676s] INFO:colcon.colcon_core.shell:Creating prefix script '/home/havish/Task-Inductees/install/local_setup.ps1'
[0.677s] INFO:colcon.colcon_core.shell:Creating prefix util module '/home/havish/Task-Inductees/install/_local_setup_util_ps1.py'
[0.677s] INFO:colcon.colcon_core.shell:Creating prefix chain script '/home/havish/Task-Inductees/install/setup.ps1'
[0.678s] INFO:colcon.colcon_core.shell:Creating prefix script '/home/havish/Task-Inductees/install/local_setup.sh'
[0.679s] INFO:colcon.colcon_core.shell:Creating prefix util module '/home/havish/Task-Inductees/install/_local_setup_util_sh.py'
[0.679s] INFO:colcon.colcon_core.shell:Creating prefix chain script '/home/havish/Task-Inductees/install/setup.sh'
[0.680s] INFO:colcon.colcon_core.shell:Creating prefix script '/home/havish/Task-Inductees/install/local_setup.bash'
[0.680s] INFO:colcon.colcon_core.shell:Creating prefix chain script '/home/havish/Task-Inductees/install/setup.bash'
[0.680s] INFO:colcon.colcon_core.shell:Creating prefix script '/home/havish/Task-Inductees/install/local_setup.zsh'
[0.681s] INFO:colcon.colcon_core.shell:Creating prefix chain script '/home/havish/Task-Inductees/install/setup.zsh'
